{"/home/ericfs/Eric/Ignite/NodeJsMicroservicos/notifications-service/src/app.module.ts": {"path":"/home/ericfs/Eric/Ignite/NodeJsMicroservicos/notifications-service/src/app.module.ts","statementMap":{"0":{"start":{"line":1,"column":0},"end":{"line":1,"column":40}},"1":{"start":{"line":2,"column":0},"end":{"line":2,"column":66}},"2":{"start":{"line":3,"column":0},"end":{"line":3,"column":54}},"3":{"start":{"line":8,"column":7},"end":{"line":8,"column":null}},"4":{"start":{"line":8,"column":13},"end":{"line":8,"column":null}},"5":{"start":{"line":8,"column":13},"end":{"line":8,"column":22}}},"fnMap":{},"branchMap":{},"s":{"0":0,"1":0,"2":0,"3":0,"4":0,"5":0},"f":{},"b":{}}
,"/home/ericfs/Eric/Ignite/NodeJsMicroservicos/notifications-service/src/main.ts": {"path":"/home/ericfs/Eric/Ignite/NodeJsMicroservicos/notifications-service/src/main.ts","statementMap":{"0":{"start":{"line":1,"column":0},"end":{"line":1,"column":48}},"1":{"start":{"line":2,"column":0},"end":{"line":2,"column":43}},"2":{"start":{"line":3,"column":0},"end":{"line":3,"column":41}},"3":{"start":{"line":6,"column":14},"end":{"line":6,"column":49}},"4":{"start":{"line":8,"column":2},"end":{"line":8,"column":43}},"5":{"start":{"line":10,"column":2},"end":{"line":10,"column":25}},"6":{"start":{"line":13,"column":0},"end":{"line":13,"column":12}}},"fnMap":{"0":{"name":"bootstrap","decl":{"start":{"line":5,"column":15},"end":{"line":5,"column":24}},"loc":{"start":{"line":5,"column":24},"end":{"line":11,"column":1}}}},"branchMap":{},"s":{"0":0,"1":0,"2":0,"3":0,"4":0,"5":0,"6":0},"f":{"0":0},"b":{}}
,"/home/ericfs/Eric/Ignite/NodeJsMicroservicos/notifications-service/src/application/entities/content.ts": {"path":"/home/ericfs/Eric/Ignite/NodeJsMicroservicos/notifications-service/src/application/entities/content.ts","statementMap":{"0":{"start":{"line":5,"column":8},"end":{"line":5,"column":28}},"1":{"start":{"line":9,"column":8},"end":{"line":9,"column":60}},"2":{"start":{"line":13,"column":37},"end":{"line":13,"column":72}},"3":{"start":{"line":15,"column":8},"end":{"line":17,"column":null}},"4":{"start":{"line":16,"column":12},"end":{"line":16,"column":53}},"5":{"start":{"line":19,"column":8},"end":{"line":19,"column":31}},"6":{"start":{"line":1,"column":0},"end":{"line":1,"column":13}}},"fnMap":{"0":{"name":"(anonymous_0)","decl":{"start":{"line":4,"column":4},"end":{"line":4,"column":8}},"loc":{"start":{"line":4,"column":13},"end":{"line":6,"column":5}}},"1":{"name":"(anonymous_1)","decl":{"start":{"line":8,"column":12},"end":{"line":8,"column":33}},"loc":{"start":{"line":8,"column":49},"end":{"line":10,"column":5}}},"2":{"name":"(anonymous_2)","decl":{"start":{"line":12,"column":4},"end":{"line":12,"column":16}},"loc":{"start":{"line":12,"column":31},"end":{"line":20,"column":5}}}},"branchMap":{"0":{"loc":{"start":{"line":9,"column":15},"end":{"line":9,"column":59}},"type":"binary-expr","locations":[{"start":{"line":9,"column":15},"end":{"line":9,"column":34}},{"start":{"line":9,"column":38},"end":{"line":9,"column":59}}]},"1":{"loc":{"start":{"line":15,"column":8},"end":{"line":17,"column":null}},"type":"if","locations":[{"start":{"line":15,"column":8},"end":{"line":17,"column":null}}]}},"s":{"0":0,"1":5,"2":5,"3":5,"4":2,"5":3,"6":3},"f":{"0":0,"1":5,"2":5},"b":{"0":[5,4],"1":[2]}}
,"/home/ericfs/Eric/Ignite/NodeJsMicroservicos/notifications-service/src/application/entities/notification.ts": {"path":"/home/ericfs/Eric/Ignite/NodeJsMicroservicos/notifications-service/src/application/entities/notification.ts","statementMap":{"0":{"start":{"line":1,"column":0},"end":{"line":1,"column":36}},"1":{"start":{"line":18,"column":8},"end":{"line":18,"column":32}},"2":{"start":{"line":19,"column":8},"end":{"line":22,"column":10}},"3":{"start":{"line":26,"column":8},"end":{"line":26,"column":24}},"4":{"start":{"line":30,"column":8},"end":{"line":30,"column":45}},"5":{"start":{"line":34,"column":8},"end":{"line":34,"column":38}},"6":{"start":{"line":38,"column":8},"end":{"line":38,"column":37}},"7":{"start":{"line":42,"column":8},"end":{"line":42,"column":34}},"8":{"start":{"line":46,"column":8},"end":{"line":46,"column":39}},"9":{"start":{"line":50,"column":8},"end":{"line":50,"column":35}},"10":{"start":{"line":54,"column":8},"end":{"line":54,"column":35}},"11":{"start":{"line":58,"column":8},"end":{"line":58,"column":33}},"12":{"start":{"line":62,"column":8},"end":{"line":62,"column":36}},"13":{"start":{"line":13,"column":0},"end":{"line":13,"column":13}}},"fnMap":{"0":{"name":"(anonymous_0)","decl":{"start":{"line":17,"column":4},"end":{"line":17,"column":16}},"loc":{"start":{"line":17,"column":71},"end":{"line":23,"column":5}}},"1":{"name":"(anonymous_1)","decl":{"start":{"line":25,"column":4},"end":{"line":25,"column":15}},"loc":{"start":{"line":25,"column":17},"end":{"line":27,"column":5}}},"2":{"name":"(anonymous_2)","decl":{"start":{"line":29,"column":4},"end":{"line":29,"column":15}},"loc":{"start":{"line":29,"column":46},"end":{"line":31,"column":5}}},"3":{"name":"(anonymous_3)","decl":{"start":{"line":33,"column":4},"end":{"line":33,"column":15}},"loc":{"start":{"line":33,"column":26},"end":{"line":35,"column":5}}},"4":{"name":"(anonymous_4)","decl":{"start":{"line":37,"column":4},"end":{"line":37,"column":15}},"loc":{"start":{"line":37,"column":39},"end":{"line":39,"column":5}}},"5":{"name":"(anonymous_5)","decl":{"start":{"line":41,"column":4},"end":{"line":41,"column":15}},"loc":{"start":{"line":41,"column":22},"end":{"line":43,"column":5}}},"6":{"name":"(anonymous_6)","decl":{"start":{"line":45,"column":4},"end":{"line":45,"column":15}},"loc":{"start":{"line":45,"column":40},"end":{"line":47,"column":5}}},"7":{"name":"(anonymous_7)","decl":{"start":{"line":49,"column":4},"end":{"line":49,"column":15}},"loc":{"start":{"line":49,"column":23},"end":{"line":51,"column":5}}},"8":{"name":"(anonymous_8)","decl":{"start":{"line":53,"column":4},"end":{"line":53,"column":15}},"loc":{"start":{"line":53,"column":53},"end":{"line":55,"column":5}}},"9":{"name":"(anonymous_9)","decl":{"start":{"line":57,"column":4},"end":{"line":57,"column":15}},"loc":{"start":{"line":57,"column":21},"end":{"line":59,"column":5}}},"10":{"name":"(anonymous_10)","decl":{"start":{"line":61,"column":4},"end":{"line":61,"column":15}},"loc":{"start":{"line":61,"column":24},"end":{"line":63,"column":5}}}},"branchMap":{"0":{"loc":{"start":{"line":21,"column":23},"end":{"line":21,"column":52}},"type":"cond-expr","locations":[{"start":{"line":21,"column":38},"end":{"line":21,"column":42}},{"start":{"line":21,"column":42},"end":{"line":21,"column":52}}]},"1":{"loc":{"start":{"line":21,"column":23},"end":{"line":21,"column":42}},"type":"binary-expr","locations":[{"start":{"line":21,"column":23},"end":{"line":21,"column":42}},{"start":{"line":21,"column":38},"end":{"line":21,"column":42}}]}},"s":{"0":2,"1":2,"2":2,"3":0,"4":0,"5":0,"6":0,"7":0,"8":0,"9":0,"10":0,"11":0,"12":0,"13":2},"f":{"0":2,"1":0,"2":0,"3":0,"4":0,"5":0,"6":0,"7":0,"8":0,"9":0,"10":0},"b":{"0":[0,2],"1":[2,2]}}
,"/home/ericfs/Eric/Ignite/NodeJsMicroservicos/notifications-service/src/application/repositories/notification-repository.ts": {"path":"/home/ericfs/Eric/Ignite/NodeJsMicroservicos/notifications-service/src/application/repositories/notification-repository.ts","statementMap":{"0":{"start":{"line":3,"column":0},"end":{"line":3,"column":22}}},"fnMap":{},"branchMap":{},"s":{"0":1},"f":{},"b":{}}
,"/home/ericfs/Eric/Ignite/NodeJsMicroservicos/notifications-service/src/application/use-cases/send-notification.ts": {"path":"/home/ericfs/Eric/Ignite/NodeJsMicroservicos/notifications-service/src/application/use-cases/send-notification.ts","statementMap":{"0":{"start":{"line":1,"column":0},"end":{"line":1,"column":44}},"1":{"start":{"line":2,"column":0},"end":{"line":2,"column":46}},"2":{"start":{"line":3,"column":0},"end":{"line":3,"column":56}},"3":{"start":{"line":4,"column":0},"end":{"line":4,"column":82}},"4":{"start":{"line":17,"column":7},"end":{"line":35,"column":null}},"5":{"start":{"line":18,"column":24},"end":{"line":18,"column":49}},"6":{"start":{"line":21,"column":51},"end":{"line":21,"column":58}},"7":{"start":{"line":23,"column":29},"end":{"line":27,"column":10}},"8":{"start":{"line":29,"column":8},"end":{"line":29,"column":64}},"9":{"start":{"line":31,"column":8},"end":{"line":33,"column":null}},"10":{"start":{"line":17,"column":13},"end":{"line":35,"column":null}},"11":{"start":{"line":17,"column":13},"end":{"line":17,"column":29}}},"fnMap":{"0":{"name":"(anonymous_2)","decl":{"start":{"line":18,"column":4},"end":{"line":18,"column":24}},"loc":{"start":{"line":18,"column":72},"end":{"line":18,"column":76}}},"1":{"name":"(anonymous_3)","decl":{"start":{"line":20,"column":4},"end":{"line":20,"column":9}},"loc":{"start":{"line":20,"column":50},"end":{"line":34,"column":5}}}},"branchMap":{},"s":{"0":1,"1":1,"2":1,"3":1,"4":1,"5":1,"6":1,"7":1,"8":1,"9":1,"10":1,"11":1},"f":{"0":1,"1":1},"b":{}}
,"/home/ericfs/Eric/Ignite/NodeJsMicroservicos/notifications-service/src/infra/app.service.ts": {"path":"/home/ericfs/Eric/Ignite/NodeJsMicroservicos/notifications-service/src/infra/app.service.ts","statementMap":{"0":{"start":{"line":1,"column":0},"end":{"line":1,"column":44}},"1":{"start":{"line":4,"column":7},"end":{"line":8,"column":null}},"2":{"start":{"line":6,"column":4},"end":{"line":6,"column":26}},"3":{"start":{"line":4,"column":13},"end":{"line":8,"column":null}},"4":{"start":{"line":4,"column":13},"end":{"line":4,"column":23}}},"fnMap":{"0":{"name":"(anonymous_1)","decl":{"start":{"line":5,"column":2},"end":{"line":5,"column":10}},"loc":{"start":{"line":5,"column":10},"end":{"line":7,"column":3}}}},"branchMap":{},"s":{"0":0,"1":0,"2":0,"3":0,"4":0},"f":{"0":0},"b":{}}
,"/home/ericfs/Eric/Ignite/NodeJsMicroservicos/notifications-service/src/infra/database/database.module.ts": {"path":"/home/ericfs/Eric/Ignite/NodeJsMicroservicos/notifications-service/src/infra/database/database.module.ts","statementMap":{"0":{"start":{"line":1,"column":0},"end":{"line":1,"column":40}},"1":{"start":{"line":2,"column":0},"end":{"line":2,"column":95}},"2":{"start":{"line":3,"column":0},"end":{"line":3,"column":56}},"3":{"start":{"line":4,"column":0},"end":{"line":4,"column":103}},"4":{"start":{"line":18,"column":7},"end":{"line":18,"column":null}},"5":{"start":{"line":18,"column":13},"end":{"line":18,"column":null}},"6":{"start":{"line":18,"column":13},"end":{"line":18,"column":27}}},"fnMap":{},"branchMap":{},"s":{"0":0,"1":0,"2":0,"3":0,"4":0,"5":0,"6":0},"f":{},"b":{}}
,"/home/ericfs/Eric/Ignite/NodeJsMicroservicos/notifications-service/src/infra/database/prisma/prisma.service.ts": {"path":"/home/ericfs/Eric/Ignite/NodeJsMicroservicos/notifications-service/src/infra/database/prisma/prisma.service.ts","statementMap":{"0":{"start":{"line":1,"column":0},"end":{"line":1,"column":76}},"1":{"start":{"line":2,"column":0},"end":{"line":2,"column":46}},"2":{"start":{"line":5,"column":7},"end":{"line":15,"column":null}},"3":{"start":{"line":7,"column":8},"end":{"line":7,"column":30}},"4":{"start":{"line":11,"column":8},"end":{"line":13,"column":11}},"5":{"start":{"line":12,"column":12},"end":{"line":12,"column":30}},"6":{"start":{"line":5,"column":13},"end":{"line":15,"column":null}},"7":{"start":{"line":5,"column":13},"end":{"line":5,"column":26}}},"fnMap":{"0":{"name":"(anonymous_1)","decl":{"start":{"line":6,"column":4},"end":{"line":6,"column":9}},"loc":{"start":{"line":6,"column":22},"end":{"line":8,"column":5}}},"1":{"name":"(anonymous_2)","decl":{"start":{"line":10,"column":4},"end":{"line":10,"column":9}},"loc":{"start":{"line":10,"column":51},"end":{"line":14,"column":5}}},"2":{"name":"(anonymous_3)","decl":{"start":{"line":11,"column":31},"end":{"line":11,"column":36}},"loc":{"start":{"line":11,"column":42},"end":{"line":13,"column":9}}}},"branchMap":{},"s":{"0":0,"1":0,"2":0,"3":0,"4":0,"5":0,"6":0,"7":0},"f":{"0":0,"1":0,"2":0},"b":{}}
,"/home/ericfs/Eric/Ignite/NodeJsMicroservicos/notifications-service/src/infra/database/prisma/repositories/prisma-notifications-reposityory.ts": {"path":"/home/ericfs/Eric/Ignite/NodeJsMicroservicos/notifications-service/src/infra/database/prisma/repositories/prisma-notifications-reposityory.ts","statementMap":{"0":{"start":{"line":1,"column":0},"end":{"line":1,"column":44}},"1":{"start":{"line":4,"column":0},"end":{"line":4,"column":50}},"2":{"start":{"line":7,"column":7},"end":{"line":23,"column":null}},"3":{"start":{"line":8,"column":24},"end":{"line":8,"column":39}},"4":{"start":{"line":11,"column":8},"end":{"line":20,"column":11}},"5":{"start":{"line":7,"column":13},"end":{"line":23,"column":null}},"6":{"start":{"line":7,"column":13},"end":{"line":7,"column":42}}},"fnMap":{"0":{"name":"(anonymous_2)","decl":{"start":{"line":8,"column":4},"end":{"line":8,"column":24}},"loc":{"start":{"line":8,"column":52},"end":{"line":8,"column":56}}},"1":{"name":"(anonymous_3)","decl":{"start":{"line":10,"column":4},"end":{"line":10,"column":9}},"loc":{"start":{"line":10,"column":43},"end":{"line":21,"column":5}}}},"branchMap":{},"s":{"0":0,"1":0,"2":0,"3":0,"4":0,"5":0,"6":0},"f":{"0":0,"1":0},"b":{}}
,"/home/ericfs/Eric/Ignite/NodeJsMicroservicos/notifications-service/src/infra/http/http.module.ts": {"path":"/home/ericfs/Eric/Ignite/NodeJsMicroservicos/notifications-service/src/infra/http/http.module.ts","statementMap":{"0":{"start":{"line":1,"column":0},"end":{"line":1,"column":40}},"1":{"start":{"line":2,"column":0},"end":{"line":2,"column":79}},"2":{"start":{"line":3,"column":0},"end":{"line":3,"column":61}},"3":{"start":{"line":4,"column":0},"end":{"line":4,"column":81}},"4":{"start":{"line":11,"column":7},"end":{"line":11,"column":null}},"5":{"start":{"line":11,"column":13},"end":{"line":11,"column":null}},"6":{"start":{"line":11,"column":13},"end":{"line":11,"column":23}}},"fnMap":{},"branchMap":{},"s":{"0":0,"1":0,"2":0,"3":0,"4":0,"5":0,"6":0},"f":{},"b":{}}
,"/home/ericfs/Eric/Ignite/NodeJsMicroservicos/notifications-service/src/infra/http/conteollers/notifications.controller.ts": {"path":"/home/ericfs/Eric/Ignite/NodeJsMicroservicos/notifications-service/src/infra/http/conteollers/notifications.controller.ts","statementMap":{"0":{"start":{"line":1,"column":0},"end":{"line":1,"column":56}},"1":{"start":{"line":2,"column":0},"end":{"line":2,"column":79}},"2":{"start":{"line":3,"column":0},"end":{"line":3,"column":74}},"3":{"start":{"line":6,"column":7},"end":{"line":21,"column":null}},"4":{"start":{"line":7,"column":22},"end":{"line":7,"column":40}},"5":{"start":{"line":11,"column":47},"end":{"line":11,"column":51}},"6":{"start":{"line":13,"column":29},"end":{"line":17,"column":6}},"7":{"start":{"line":19,"column":4},"end":{"line":19,"column":28}},"8":{"start":{"line":10,"column":8},"end":{"line":20,"column":null}},"9":{"start":{"line":6,"column":13},"end":{"line":21,"column":null}},"10":{"start":{"line":6,"column":13},"end":{"line":6,"column":36}}},"fnMap":{"0":{"name":"(anonymous_4)","decl":{"start":{"line":7,"column":2},"end":{"line":7,"column":22}},"loc":{"start":{"line":7,"column":56},"end":{"line":7,"column":60}}},"1":{"name":"(anonymous_5)","decl":{"start":{"line":10,"column":2},"end":{"line":10,"column":7}},"loc":{"start":{"line":10,"column":51},"end":{"line":20,"column":3}}}},"branchMap":{},"s":{"0":0,"1":0,"2":0,"3":0,"4":0,"5":0,"6":0,"7":0,"8":0,"9":0,"10":0},"f":{"0":0,"1":0},"b":{}}
,"/home/ericfs/Eric/Ignite/NodeJsMicroservicos/notifications-service/src/infra/http/dtos/create-notification-body.ts": {"path":"/home/ericfs/Eric/Ignite/NodeJsMicroservicos/notifications-service/src/infra/http/dtos/create-notification-body.ts","statementMap":{"0":{"start":{"line":1,"column":0},"end":{"line":1,"column":61}},"1":{"start":{"line":4,"column":4},"end":{"line":6,"column":null}},"2":{"start":{"line":8,"column":4},"end":{"line":10,"column":null}},"3":{"start":{"line":12,"column":4},"end":{"line":13,"column":null}},"4":{"start":{"line":3,"column":0},"end":{"line":3,"column":13}}},"fnMap":{},"branchMap":{},"s":{"0":0,"1":0,"2":0,"3":0,"4":0},"f":{},"b":{}}
}
